Arguments: 
  /usr/local/bin/node /usr/local/bin/yarn add parcel-bundler

PATH: 
  /usr/local/bin:/usr/bin:/bin:/usr/sbin:/sbin

Yarn version: 
  1.9.4

Node version: 
  8.11.4

Platform: 
  darwin x64

Trace: 
  Error: getaddrinfo ENOTFOUND afa-nrepo.azure-paas.intraxa afa-nrepo.azure-paas.intraxa:443
      at errnoException (dns.js:50:10)
      at GetAddrInfoReqWrap.onlookup [as oncomplete] (dns.js:92:26)

npm manifest: 
  {
    "name": "demo1",
    "version": "1.0.0",
    "main": "index.js",
    "repository": "git@github.com:johnmeunier/netlify-presentation.git",
    "author": "Johnathan MEUNIER <jonathan.meunier@axa.fr>",
    "license": "MIT"
  }

yarn manifest: 
  No manifest

Lockfile: 
  No lockfile
